<?xml version="1.0" encoding="UTF-8"?>
<!-- Generated by org.testng.reporters.JUnitReportReporter -->
<testsuite hostname="LAPTOP-SOJBC8TS" failures="0" tests="4" name="Admin.AdminClient" time="13.505" errors="0" timestamp="2025-05-03T14:53:58 IST" skipped="0">
  <testcase classname="Admin.AdminClient" name="openAdminPage" time="7.786"/>
  <system-out/>
  <testcase classname="Admin.AdminClient" name="searchEmpByUserName" time="2.607"/>
  <system-out/>
  <testcase classname="Admin.AdminClient" name="searchEmpByUserRole" time="1.812"/>
  <system-out/>
  <testcase classname="Admin.AdminClient" name="searchEmpByStatus" time="1.300"/>
  <system-out/>
</testsuite> <!-- Admin.AdminClient -->
